<?xml version="1.0" encoding="UTF-8"?>
<testsuite xmlns:xsi="http://www.w3.org/2001/XMLSchema-instance" xsi:schemaLocation="https://maven.apache.org/surefire/maven-surefire-plugin/xsd/surefire-test-report.xsd" name="TestSuite" time="0.749" tests="6" errors="0" skipped="0" failures="3">
  <properties>
[...]
</properties>
  <testcase name="MyTestThree" classname="MavenTestCases.TestClass2" time="0.01"/>
  <testcase name="Test1" classname="MavenTestCases.TestClass1" time="0.01">
    <failure message="expected:&lt;20&gt; but was:&lt;15&gt;" type="java.lang.AssertionError"><![CDATA[java.lang.AssertionError: expected:<20> but was:<15>
	at MavenTestCases.TestClass1.Test1(TestClass1.java:13)
]]></failure>
    <system-out><![CDATA[This is Test1
]]></system-out>
  </testcase>
  <testcase name="Test2" classname="MavenTestCases.TestClass1" time="0.002"/>
  <testcase name="Test3" classname="MavenTestCases.TestClass1" time="0.002"/>
  <testcase name="Test4" classname="MavenTestCases.TestClass1" time="0">
    <failure message="expected:&lt;20&gt; but was:&lt;15&gt;" type="java.lang.AssertionError"><![CDATA[java.lang.AssertionError: expected:<20> but was:<15>
	at MavenTestCases.TestClass1.Test4(TestClass1.java:31)
]]></failure>
    <system-out><![CDATA[This is Test4
]]></system-out>
  </testcase>
  <testcase name="Test5" classname="MavenTestCases.TestClass1" time="0.001">
    <failure message="expected:&lt;20&gt; but was:&lt;15&gt;" type="java.lang.AssertionError"><![CDATA[java.lang.AssertionError: expected:<20> but was:<15>
	at MavenTestCases.TestClass1.Test5(TestClass1.java:37)
]]></failure>
    <system-out><![CDATA[This is Test5
]]></system-out>
  </testcase>
</testsuite>